[2021-07-03 21:54:52.724] [exthost] [info] extension host started
[2021-07-03 21:54:52.912] [exthost] [info] ExtensionService#_doActivateExtension vscode.microsoft-authentication {"startup":false,"extensionId":{"value":"vscode.microsoft-authentication","_lower":"vscode.microsoft-authentication"},"activationEvent":"onAuthenticationRequest:microsoft"}
[2021-07-03 21:54:52.913] [exthost] [info] ExtensionService#loadCommonJSModule file:///snap/code/67/usr/share/code/resources/app/extensions/microsoft-authentication/dist/extension.js
[2021-07-03 21:54:52.958] [exthost] [info] ExtensionService#_doActivateExtension vscode.debug-auto-launch {"startup":true,"extensionId":{"value":"vscode.debug-auto-launch","_lower":"vscode.debug-auto-launch"},"activationEvent":"*"}
[2021-07-03 21:54:52.958] [exthost] [info] ExtensionService#loadCommonJSModule file:///snap/code/67/usr/share/code/resources/app/extensions/debug-auto-launch/dist/extension
[2021-07-03 21:54:52.966] [exthost] [info] ExtensionService#_doActivateExtension vscode.git {"startup":true,"extensionId":{"value":"vscode.github","_lower":"vscode.github"},"activationEvent":"*"}
[2021-07-03 21:54:52.966] [exthost] [info] ExtensionService#loadCommonJSModule file:///snap/code/67/usr/share/code/resources/app/extensions/git/dist/main
[2021-07-03 21:54:53.428] [exthost] [info] ExtensionService#_doActivateExtension ms-vscode.js-debug {"startup":false,"extensionId":{"value":"ms-vscode.js-debug","_lower":"ms-vscode.js-debug"},"activationEvent":"onCommand:extension.js-debug.clearAutoAttachVariables"}
[2021-07-03 21:54:53.428] [exthost] [info] ExtensionService#loadCommonJSModule file:///snap/code/67/usr/share/code/resources/app/extensions/ms-vscode.js-debug/src/extension.js
[2021-07-03 21:54:53.963] [exthost] [info] ExtensionService#_doActivateExtension vscode.github {"startup":true,"extensionId":{"value":"vscode.github","_lower":"vscode.github"},"activationEvent":"*"}
[2021-07-03 21:54:53.963] [exthost] [info] ExtensionService#loadCommonJSModule file:///snap/code/67/usr/share/code/resources/app/extensions/github/dist/extension.js
[2021-07-03 21:54:53.984] [exthost] [info] eager extensions activated
[2021-07-03 21:54:53.989] [exthost] [info] ExtensionService#_doActivateExtension vscode.github-authentication {"startup":false,"extensionId":{"value":"vscode.github-authentication","_lower":"vscode.github-authentication"},"activationEvent":"onAuthenticationRequest:github"}
[2021-07-03 21:54:53.990] [exthost] [info] ExtensionService#loadCommonJSModule file:///snap/code/67/usr/share/code/resources/app/extensions/github-authentication/dist/extension.js
[2021-07-03 21:54:54.033] [exthost] [info] ExtensionService#_doActivateExtension vscode.emmet {"startup":false,"extensionId":{"value":"vscode.emmet","_lower":"vscode.emmet"},"activationEvent":"onStartupFinished"}
[2021-07-03 21:54:54.033] [exthost] [info] ExtensionService#loadCommonJSModule file:///snap/code/67/usr/share/code/resources/app/extensions/emmet/dist/node/emmetNodeMain
[2021-07-03 21:54:54.051] [exthost] [info] ExtensionService#_doActivateExtension vscode.merge-conflict {"startup":false,"extensionId":{"value":"vscode.merge-conflict","_lower":"vscode.merge-conflict"},"activationEvent":"onStartupFinished"}
[2021-07-03 21:54:54.051] [exthost] [info] ExtensionService#loadCommonJSModule file:///snap/code/67/usr/share/code/resources/app/extensions/merge-conflict/dist/mergeConflictMain
[2021-07-03 21:54:54.056] [exthost] [info] ExtensionService#_doActivateExtension vscode.testing-editor-contributions {"startup":false,"extensionId":{"value":"vscode.testing-editor-contributions","_lower":"vscode.testing-editor-contributions"},"activationEvent":"onStartupFinished"}
[2021-07-03 21:54:54.057] [exthost] [info] ExtensionService#loadCommonJSModule file:///snap/code/67/usr/share/code/resources/app/extensions/testing-editor-contributions/dist/extension.js
[2021-07-03 21:55:21.306] [exthost] [info] extension host terminating: renderer closed the socket
[2021-07-03 21:55:22.314] [exthost] [info] exiting with code 0
[2021-07-03 21:55:24.338] [exthost] [info] extension host started
[2021-07-03 21:55:24.523] [exthost] [info] ExtensionService#_doActivateExtension vscode.microsoft-authentication {"startup":false,"extensionId":{"value":"vscode.microsoft-authentication","_lower":"vscode.microsoft-authentication"},"activationEvent":"onAuthenticationRequest:microsoft"}
[2021-07-03 21:55:24.523] [exthost] [info] ExtensionService#loadCommonJSModule file:///snap/code/67/usr/share/code/resources/app/extensions/microsoft-authentication/dist/extension.js
[2021-07-03 21:55:24.555] [exthost] [info] ExtensionService#_doActivateExtension vscode.debug-auto-launch {"startup":true,"extensionId":{"value":"vscode.debug-auto-launch","_lower":"vscode.debug-auto-launch"},"activationEvent":"*"}
[2021-07-03 21:55:24.555] [exthost] [info] ExtensionService#loadCommonJSModule file:///snap/code/67/usr/share/code/resources/app/extensions/debug-auto-launch/dist/extension
[2021-07-03 21:55:24.562] [exthost] [info] ExtensionService#_doActivateExtension vscode.git {"startup":true,"extensionId":{"value":"vscode.github","_lower":"vscode.github"},"activationEvent":"*"}
[2021-07-03 21:55:24.562] [exthost] [info] ExtensionService#loadCommonJSModule file:///snap/code/67/usr/share/code/resources/app/extensions/git/dist/main
[2021-07-03 21:55:24.634] [exthost] [info] ExtensionService#_doActivateExtension vscode.npm {"startup":true,"extensionId":{"value":"vscode.npm","_lower":"vscode.npm"},"activationEvent":"workspaceContains:package.json"}
[2021-07-03 21:55:24.634] [exthost] [info] ExtensionService#loadCommonJSModule file:///snap/code/67/usr/share/code/resources/app/extensions/npm/dist/npmMain
[2021-07-03 21:55:24.926] [exthost] [info] ExtensionService#_doActivateExtension vscode.github {"startup":true,"extensionId":{"value":"vscode.github","_lower":"vscode.github"},"activationEvent":"*"}
[2021-07-03 21:55:24.926] [exthost] [info] ExtensionService#loadCommonJSModule file:///snap/code/67/usr/share/code/resources/app/extensions/github/dist/extension.js
[2021-07-03 21:55:24.978] [exthost] [info] ExtensionService#_doActivateExtension ms-vscode.js-debug {"startup":false,"extensionId":{"value":"ms-vscode.js-debug","_lower":"ms-vscode.js-debug"},"activationEvent":"onCommand:extension.js-debug.clearAutoAttachVariables"}
[2021-07-03 21:55:24.979] [exthost] [info] ExtensionService#loadCommonJSModule file:///snap/code/67/usr/share/code/resources/app/extensions/ms-vscode.js-debug/src/extension.js
[2021-07-03 21:55:25.258] [exthost] [info] ExtensionService#_doActivateExtension vscode.github-authentication {"startup":false,"extensionId":{"value":"vscode.github-authentication","_lower":"vscode.github-authentication"},"activationEvent":"onAuthenticationRequest:github"}
[2021-07-03 21:55:25.258] [exthost] [info] ExtensionService#loadCommonJSModule file:///snap/code/67/usr/share/code/resources/app/extensions/github-authentication/dist/extension.js
[2021-07-03 21:55:25.556] [exthost] [warning] [Decorations] CAPPING events from decorations provider vscode.git 302
[2021-07-03 21:55:26.143] [exthost] [info] eager extensions activated
[2021-07-03 21:55:26.187] [exthost] [info] ExtensionService#_doActivateExtension vscode.emmet {"startup":false,"extensionId":{"value":"vscode.emmet","_lower":"vscode.emmet"},"activationEvent":"onStartupFinished"}
[2021-07-03 21:55:26.187] [exthost] [info] ExtensionService#loadCommonJSModule file:///snap/code/67/usr/share/code/resources/app/extensions/emmet/dist/node/emmetNodeMain
[2021-07-03 21:55:26.198] [exthost] [info] ExtensionService#_doActivateExtension vscode.merge-conflict {"startup":false,"extensionId":{"value":"vscode.merge-conflict","_lower":"vscode.merge-conflict"},"activationEvent":"onStartupFinished"}
[2021-07-03 21:55:26.198] [exthost] [info] ExtensionService#loadCommonJSModule file:///snap/code/67/usr/share/code/resources/app/extensions/merge-conflict/dist/mergeConflictMain
[2021-07-03 21:55:26.201] [exthost] [info] ExtensionService#_doActivateExtension vscode.testing-editor-contributions {"startup":false,"extensionId":{"value":"vscode.testing-editor-contributions","_lower":"vscode.testing-editor-contributions"},"activationEvent":"onStartupFinished"}
[2021-07-03 21:55:26.201] [exthost] [info] ExtensionService#loadCommonJSModule file:///snap/code/67/usr/share/code/resources/app/extensions/testing-editor-contributions/dist/extension.js
[2021-07-03 21:55:41.110] [exthost] [info] ExtensionService#_doActivateExtension vscode.typescript-language-features {"startup":false,"extensionId":{"value":"vscode.typescript-language-features","_lower":"vscode.typescript-language-features"},"activationEvent":"onLanguage:typescriptreact"}
[2021-07-03 21:55:41.111] [exthost] [info] ExtensionService#loadCommonJSModule file:///snap/code/67/usr/share/code/resources/app/extensions/typescript-language-features/dist/extension
[2021-07-03 21:55:44.578] [exthost] [warning] [Decorations] CAPPING events from decorations provider vscode.git 347
[2021-07-03 21:55:50.041] [exthost] [info] ExtensionService#_doActivateExtension vscode.configuration-editing {"startup":false,"extensionId":{"value":"vscode.configuration-editing","_lower":"vscode.configuration-editing"},"activationEvent":"onLanguage:jsonc"}
[2021-07-03 21:55:50.042] [exthost] [info] ExtensionService#loadCommonJSModule file:///snap/code/67/usr/share/code/resources/app/extensions/configuration-editing/dist/configurationEditingMain
[2021-07-03 21:55:50.062] [exthost] [info] ExtensionService#_doActivateExtension vscode.json-language-features {"startup":false,"extensionId":{"value":"vscode.json-language-features","_lower":"vscode.json-language-features"},"activationEvent":"onLanguage:jsonc"}
[2021-07-03 21:55:50.062] [exthost] [info] ExtensionService#loadCommonJSModule file:///snap/code/67/usr/share/code/resources/app/extensions/json-language-features/client/dist/node/jsonClientMain
[2021-07-03 21:56:13.278] [exthost] [warning] [Decorations] CAPPING events from decorations provider vscode.git 361
[2021-07-03 21:56:41.380] [exthost] [warning] [Decorations] CAPPING events from decorations provider vscode.git 361
[2021-07-03 21:58:01.719] [exthost] [warning] [Decorations] CAPPING events from decorations provider vscode.git 363
[2021-07-03 22:07:26.564] [exthost] [error] [vscode.typescript-language-features] provider FAILED
[2021-07-03 22:07:26.564] [exthost] [error] Error: <syntax> TypeScript Server Error (4.3.2)
Debug Failure. False expression: Expected line to be non-zero
Error: Debug Failure. False expression: Expected line to be non-zero
    at failIfInvalidLocation (/snap/code/67/usr/share/code/resources/app/extensions/node_modules/typescript/lib/tsserver.js:157261:22)
    at ScriptInfo.positionToLineOffset (/snap/code/67/usr/share/code/resources/app/extensions/node_modules/typescript/lib/tsserver.js:157228:17)
    at toProtocolTextSpan (/snap/code/67/usr/share/code/resources/app/extensions/node_modules/typescript/lib/tsserver.js:165293:35)
    at /snap/code/67/usr/share/code/resources/app/extensions/node_modules/typescript/lib/tsserver.js:164734:68
    at Array.map (<anonymous>)
    at IOSession.Session.toLocationNavigationTree (/snap/code/67/usr/share/code/resources/app/extensions/node_modules/typescript/lib/tsserver.js:164734:39)
    at IOSession.Session.getNavigationTree (/snap/code/67/usr/share/code/resources/app/extensions/node_modules/typescript/lib/tsserver.js:164745:32)
    at Session.handlers.ts.Map.ts.getEntries._a.<computed> (/snap/code/67/usr/share/code/resources/app/extensions/node_modules/typescript/lib/tsserver.js:163515:61)
    at /snap/code/67/usr/share/code/resources/app/extensions/node_modules/typescript/lib/tsserver.js:165205:88
    at IOSession.Session.executeWithRequestId (/snap/code/67/usr/share/code/resources/app/extensions/node_modules/typescript/lib/tsserver.js:165196:28)
    at IOSession.Session.executeCommand (/snap/code/67/usr/share/code/resources/app/extensions/node_modules/typescript/lib/tsserver.js:165205:33)
    at IOSession.Session.onMessage (/snap/code/67/usr/share/code/resources/app/extensions/node_modules/typescript/lib/tsserver.js:165231:35)
    at Interface.<anonymous> (/snap/code/67/usr/share/code/resources/app/extensions/node_modules/typescript/lib/tsserver.js:167833:31)
    at Interface.emit (events.js:315:20)
    at Interface._onLine (readline.js:337:10)
    at Interface._normalWrite (readline.js:482:12)
    at Socket.ondata (readline.js:194:10)
    at Socket.emit (events.js:315:20)
    at addChunk (internal/streams/readable.js:309:12)
    at readableAddChunk (internal/streams/readable.js:284:9)
    at Socket.Readable.push (internal/streams/readable.js:223:10)
    at Pipe.onStreamRead (internal/stream_base_commons.js:188:23)
	at Function.create (/snap/code/67/usr/share/code/resources/app/extensions/typescript-language-features/dist/extension.js:1:75687)
	at dispatchResponse (/snap/code/67/usr/share/code/resources/app/extensions/typescript-language-features/dist/extension.js:1:69551)
	at dispatchMessage (/snap/code/67/usr/share/code/resources/app/extensions/typescript-language-features/dist/extension.js:1:68410)
	at /snap/code/67/usr/share/code/resources/app/extensions/typescript-language-features/dist/extension.js:1:67920
	at l.fire (/snap/code/67/usr/share/code/resources/app/out/vs/workbench/services/extensions/node/extensionHostProcess.js:57:1835)
	at g.onLengthData (/snap/code/67/usr/share/code/resources/app/extensions/typescript-language-features/dist/extension.js:1:434282)
	at Socket.<anonymous> (/snap/code/67/usr/share/code/resources/app/extensions/typescript-language-features/dist/extension.js:1:433930)
	at Socket.emit (events.js:315:20)
	at addChunk (internal/streams/readable.js:309:12)
	at readableAddChunk (internal/streams/readable.js:284:9)
	at Socket.Readable.push (internal/streams/readable.js:223:10)
	at Pipe.onStreamRead (internal/stream_base_commons.js:188:23)
[2021-07-03 22:11:28.876] [exthost] [warning] [Decorations] CAPPING events from decorations provider vscode.git 363
[2021-07-03 22:12:34.089] [exthost] [warning] [Decorations] CAPPING events from decorations provider vscode.git 362
[2021-07-03 22:13:00.671] [exthost] [warning] [Decorations] CAPPING events from decorations provider vscode.git 362
[2021-07-03 22:13:21.957] [exthost] [warning] [Decorations] CAPPING events from decorations provider vscode.git 362
[2021-07-03 22:15:12.678] [exthost] [warning] [Decorations] CAPPING events from decorations provider vscode.git 365
[2021-07-03 22:15:17.999] [exthost] [warning] [Decorations] CAPPING events from decorations provider vscode.git 365
[2021-07-03 22:15:24.977] [exthost] [warning] [Decorations] CAPPING events from decorations provider vscode.git 366
[2021-07-03 22:15:26.843] [exthost] [info] ExtensionService#_doActivateExtension vscode.extension-editing {"startup":false,"extensionId":{"value":"vscode.extension-editing","_lower":"vscode.extension-editing"},"activationEvent":"onLanguage:typescript"}
[2021-07-03 22:15:26.844] [exthost] [info] ExtensionService#loadCommonJSModule file:///snap/code/67/usr/share/code/resources/app/extensions/extension-editing/dist/extensionEditingMain
[2021-07-03 22:15:50.434] [exthost] [error] [vscode.typescript-language-features] provider FAILED
[2021-07-03 22:15:50.434] [exthost] [error] Error: <syntax> TypeScript Server Error (4.3.2)
Debug Failure. False expression: Expected line to be non-zero
Error: Debug Failure. False expression: Expected line to be non-zero
    at failIfInvalidLocation (/snap/code/67/usr/share/code/resources/app/extensions/node_modules/typescript/lib/tsserver.js:157261:22)
    at ScriptInfo.positionToLineOffset (/snap/code/67/usr/share/code/resources/app/extensions/node_modules/typescript/lib/tsserver.js:157228:17)
    at toProtocolTextSpan (/snap/code/67/usr/share/code/resources/app/extensions/node_modules/typescript/lib/tsserver.js:165293:35)
    at /snap/code/67/usr/share/code/resources/app/extensions/node_modules/typescript/lib/tsserver.js:164734:68
    at Array.map (<anonymous>)
    at IOSession.Session.toLocationNavigationTree (/snap/code/67/usr/share/code/resources/app/extensions/node_modules/typescript/lib/tsserver.js:164734:39)
    at IOSession.Session.getNavigationTree (/snap/code/67/usr/share/code/resources/app/extensions/node_modules/typescript/lib/tsserver.js:164745:32)
    at Session.handlers.ts.Map.ts.getEntries._a.<computed> (/snap/code/67/usr/share/code/resources/app/extensions/node_modules/typescript/lib/tsserver.js:163515:61)
    at /snap/code/67/usr/share/code/resources/app/extensions/node_modules/typescript/lib/tsserver.js:165205:88
    at IOSession.Session.executeWithRequestId (/snap/code/67/usr/share/code/resources/app/extensions/node_modules/typescript/lib/tsserver.js:165196:28)
    at IOSession.Session.executeCommand (/snap/code/67/usr/share/code/resources/app/extensions/node_modules/typescript/lib/tsserver.js:165205:33)
    at IOSession.Session.onMessage (/snap/code/67/usr/share/code/resources/app/extensions/node_modules/typescript/lib/tsserver.js:165231:35)
    at Interface.<anonymous> (/snap/code/67/usr/share/code/resources/app/extensions/node_modules/typescript/lib/tsserver.js:167833:31)
    at Interface.emit (events.js:315:20)
    at Interface._onLine (readline.js:337:10)
    at Interface._normalWrite (readline.js:482:12)
    at Socket.ondata (readline.js:194:10)
    at Socket.emit (events.js:315:20)
    at addChunk (internal/streams/readable.js:309:12)
    at readableAddChunk (internal/streams/readable.js:284:9)
    at Socket.Readable.push (internal/streams/readable.js:223:10)
    at Pipe.onStreamRead (internal/stream_base_commons.js:188:23)
	at Function.create (/snap/code/67/usr/share/code/resources/app/extensions/typescript-language-features/dist/extension.js:1:75687)
	at dispatchResponse (/snap/code/67/usr/share/code/resources/app/extensions/typescript-language-features/dist/extension.js:1:69551)
	at dispatchMessage (/snap/code/67/usr/share/code/resources/app/extensions/typescript-language-features/dist/extension.js:1:68410)
	at /snap/code/67/usr/share/code/resources/app/extensions/typescript-language-features/dist/extension.js:1:67920
	at l.fire (/snap/code/67/usr/share/code/resources/app/out/vs/workbench/services/extensions/node/extensionHostProcess.js:57:1835)
	at g.onLengthData (/snap/code/67/usr/share/code/resources/app/extensions/typescript-language-features/dist/extension.js:1:434282)
	at Socket.<anonymous> (/snap/code/67/usr/share/code/resources/app/extensions/typescript-language-features/dist/extension.js:1:433930)
	at Socket.emit (events.js:315:20)
	at addChunk (internal/streams/readable.js:309:12)
	at readableAddChunk (internal/streams/readable.js:284:9)
	at Socket.Readable.push (internal/streams/readable.js:223:10)
	at Pipe.onStreamRead (internal/stream_base_commons.js:188:23)
[2021-07-03 22:15:51.007] [exthost] [error] [vscode.typescript-language-features] provider FAILED
[2021-07-03 22:15:51.007] [exthost] [error] Error: <syntax> TypeScript Server Error (4.3.2)
Debug Failure. False expression: Expected line to be non-zero
Error: Debug Failure. False expression: Expected line to be non-zero
    at failIfInvalidLocation (/snap/code/67/usr/share/code/resources/app/extensions/node_modules/typescript/lib/tsserver.js:157261:22)
    at ScriptInfo.positionToLineOffset (/snap/code/67/usr/share/code/resources/app/extensions/node_modules/typescript/lib/tsserver.js:157228:17)
    at toProtocolTextSpan (/snap/code/67/usr/share/code/resources/app/extensions/node_modules/typescript/lib/tsserver.js:165293:35)
    at /snap/code/67/usr/share/code/resources/app/extensions/node_modules/typescript/lib/tsserver.js:164734:68
    at Array.map (<anonymous>)
    at IOSession.Session.toLocationNavigationTree (/snap/code/67/usr/share/code/resources/app/extensions/node_modules/typescript/lib/tsserver.js:164734:39)
    at IOSession.Session.getNavigationTree (/snap/code/67/usr/share/code/resources/app/extensions/node_modules/typescript/lib/tsserver.js:164745:32)
    at Session.handlers.ts.Map.ts.getEntries._a.<computed> (/snap/code/67/usr/share/code/resources/app/extensions/node_modules/typescript/lib/tsserver.js:163515:61)
    at /snap/code/67/usr/share/code/resources/app/extensions/node_modules/typescript/lib/tsserver.js:165205:88
    at IOSession.Session.executeWithRequestId (/snap/code/67/usr/share/code/resources/app/extensions/node_modules/typescript/lib/tsserver.js:165196:28)
    at IOSession.Session.executeCommand (/snap/code/67/usr/share/code/resources/app/extensions/node_modules/typescript/lib/tsserver.js:165205:33)
    at IOSession.Session.onMessage (/snap/code/67/usr/share/code/resources/app/extensions/node_modules/typescript/lib/tsserver.js:165231:35)
    at Interface.<anonymous> (/snap/code/67/usr/share/code/resources/app/extensions/node_modules/typescript/lib/tsserver.js:167833:31)
    at Interface.emit (events.js:315:20)
    at Interface._onLine (readline.js:337:10)
    at Interface._normalWrite (readline.js:482:12)
    at Socket.ondata (readline.js:194:10)
    at Socket.emit (events.js:315:20)
    at addChunk (internal/streams/readable.js:309:12)
    at readableAddChunk (internal/streams/readable.js:284:9)
    at Socket.Readable.push (internal/streams/readable.js:223:10)
    at Pipe.onStreamRead (internal/stream_base_commons.js:188:23)
	at Function.create (/snap/code/67/usr/share/code/resources/app/extensions/typescript-language-features/dist/extension.js:1:75687)
	at dispatchResponse (/snap/code/67/usr/share/code/resources/app/extensions/typescript-language-features/dist/extension.js:1:69551)
	at dispatchMessage (/snap/code/67/usr/share/code/resources/app/extensions/typescript-language-features/dist/extension.js:1:68410)
	at /snap/code/67/usr/share/code/resources/app/extensions/typescript-language-features/dist/extension.js:1:67920
	at l.fire (/snap/code/67/usr/share/code/resources/app/out/vs/workbench/services/extensions/node/extensionHostProcess.js:57:1835)
	at g.onLengthData (/snap/code/67/usr/share/code/resources/app/extensions/typescript-language-features/dist/extension.js:1:434282)
	at Socket.<anonymous> (/snap/code/67/usr/share/code/resources/app/extensions/typescript-language-features/dist/extension.js:1:433930)
	at Socket.emit (events.js:315:20)
	at addChunk (internal/streams/readable.js:309:12)
	at readableAddChunk (internal/streams/readable.js:284:9)
	at Socket.Readable.push (internal/streams/readable.js:223:10)
	at Pipe.onStreamRead (internal/stream_base_commons.js:188:23)
[2021-07-03 22:16:24.973] [exthost] [error] [vscode.typescript-language-features] provider FAILED
[2021-07-03 22:16:24.974] [exthost] [error] Error: <syntax> TypeScript Server Error (4.3.2)
Debug Failure. False expression: Expected line to be non-zero
Error: Debug Failure. False expression: Expected line to be non-zero
    at failIfInvalidLocation (/snap/code/67/usr/share/code/resources/app/extensions/node_modules/typescript/lib/tsserver.js:157261:22)
    at ScriptInfo.positionToLineOffset (/snap/code/67/usr/share/code/resources/app/extensions/node_modules/typescript/lib/tsserver.js:157228:17)
    at toProtocolTextSpan (/snap/code/67/usr/share/code/resources/app/extensions/node_modules/typescript/lib/tsserver.js:165293:35)
    at /snap/code/67/usr/share/code/resources/app/extensions/node_modules/typescript/lib/tsserver.js:164734:68
    at Array.map (<anonymous>)
    at IOSession.Session.toLocationNavigationTree (/snap/code/67/usr/share/code/resources/app/extensions/node_modules/typescript/lib/tsserver.js:164734:39)
    at IOSession.Session.getNavigationTree (/snap/code/67/usr/share/code/resources/app/extensions/node_modules/typescript/lib/tsserver.js:164745:32)
    at Session.handlers.ts.Map.ts.getEntries._a.<computed> (/snap/code/67/usr/share/code/resources/app/extensions/node_modules/typescript/lib/tsserver.js:163515:61)
    at /snap/code/67/usr/share/code/resources/app/extensions/node_modules/typescript/lib/tsserver.js:165205:88
    at IOSession.Session.executeWithRequestId (/snap/code/67/usr/share/code/resources/app/extensions/node_modules/typescript/lib/tsserver.js:165196:28)
    at IOSession.Session.executeCommand (/snap/code/67/usr/share/code/resources/app/extensions/node_modules/typescript/lib/tsserver.js:165205:33)
    at IOSession.Session.onMessage (/snap/code/67/usr/share/code/resources/app/extensions/node_modules/typescript/lib/tsserver.js:165231:35)
    at Interface.<anonymous> (/snap/code/67/usr/share/code/resources/app/extensions/node_modules/typescript/lib/tsserver.js:167833:31)
    at Interface.emit (events.js:315:20)
    at Interface._onLine (readline.js:337:10)
    at Interface._normalWrite (readline.js:482:12)
    at Socket.ondata (readline.js:194:10)
    at Socket.emit (events.js:315:20)
    at addChunk (internal/streams/readable.js:309:12)
    at readableAddChunk (internal/streams/readable.js:284:9)
    at Socket.Readable.push (internal/streams/readable.js:223:10)
    at Pipe.onStreamRead (internal/stream_base_commons.js:188:23)
	at Function.create (/snap/code/67/usr/share/code/resources/app/extensions/typescript-language-features/dist/extension.js:1:75687)
	at dispatchResponse (/snap/code/67/usr/share/code/resources/app/extensions/typescript-language-features/dist/extension.js:1:69551)
	at dispatchMessage (/snap/code/67/usr/share/code/resources/app/extensions/typescript-language-features/dist/extension.js:1:68410)
	at /snap/code/67/usr/share/code/resources/app/extensions/typescript-language-features/dist/extension.js:1:67920
	at l.fire (/snap/code/67/usr/share/code/resources/app/out/vs/workbench/services/extensions/node/extensionHostProcess.js:57:1835)
	at g.onLengthData (/snap/code/67/usr/share/code/resources/app/extensions/typescript-language-features/dist/extension.js:1:434282)
	at Socket.<anonymous> (/snap/code/67/usr/share/code/resources/app/extensions/typescript-language-features/dist/extension.js:1:433930)
	at Socket.emit (events.js:315:20)
	at addChunk (internal/streams/readable.js:309:12)
	at readableAddChunk (internal/streams/readable.js:284:9)
	at Socket.Readable.push (internal/streams/readable.js:223:10)
	at Pipe.onStreamRead (internal/stream_base_commons.js:188:23)
[2021-07-03 22:16:36.651] [exthost] [error] [vscode.typescript-language-features] provider FAILED
[2021-07-03 22:16:36.651] [exthost] [error] Error: <syntax> TypeScript Server Error (4.3.2)
Debug Failure. False expression: Expected line to be non-zero
Error: Debug Failure. False expression: Expected line to be non-zero
    at failIfInvalidLocation (/snap/code/67/usr/share/code/resources/app/extensions/node_modules/typescript/lib/tsserver.js:157261:22)
    at ScriptInfo.positionToLineOffset (/snap/code/67/usr/share/code/resources/app/extensions/node_modules/typescript/lib/tsserver.js:157228:17)
    at toProtocolTextSpan (/snap/code/67/usr/share/code/resources/app/extensions/node_modules/typescript/lib/tsserver.js:165293:35)
    at /snap/code/67/usr/share/code/resources/app/extensions/node_modules/typescript/lib/tsserver.js:164734:68
    at Array.map (<anonymous>)
    at IOSession.Session.toLocationNavigationTree (/snap/code/67/usr/share/code/resources/app/extensions/node_modules/typescript/lib/tsserver.js:164734:39)
    at IOSession.Session.getNavigationTree (/snap/code/67/usr/share/code/resources/app/extensions/node_modules/typescript/lib/tsserver.js:164745:32)
    at Session.handlers.ts.Map.ts.getEntries._a.<computed> (/snap/code/67/usr/share/code/resources/app/extensions/node_modules/typescript/lib/tsserver.js:163515:61)
    at /snap/code/67/usr/share/code/resources/app/extensions/node_modules/typescript/lib/tsserver.js:165205:88
    at IOSession.Session.executeWithRequestId (/snap/code/67/usr/share/code/resources/app/extensions/node_modules/typescript/lib/tsserver.js:165196:28)
    at IOSession.Session.executeCommand (/snap/code/67/usr/share/code/resources/app/extensions/node_modules/typescript/lib/tsserver.js:165205:33)
    at IOSession.Session.onMessage (/snap/code/67/usr/share/code/resources/app/extensions/node_modules/typescript/lib/tsserver.js:165231:35)
    at Interface.<anonymous> (/snap/code/67/usr/share/code/resources/app/extensions/node_modules/typescript/lib/tsserver.js:167833:31)
    at Interface.emit (events.js:315:20)
    at Interface._onLine (readline.js:337:10)
    at Interface._normalWrite (readline.js:482:12)
    at Socket.ondata (readline.js:194:10)
    at Socket.emit (events.js:315:20)
    at addChunk (internal/streams/readable.js:309:12)
    at readableAddChunk (internal/streams/readable.js:284:9)
    at Socket.Readable.push (internal/streams/readable.js:223:10)
    at Pipe.onStreamRead (internal/stream_base_commons.js:188:23)
	at Function.create (/snap/code/67/usr/share/code/resources/app/extensions/typescript-language-features/dist/extension.js:1:75687)
	at dispatchResponse (/snap/code/67/usr/share/code/resources/app/extensions/typescript-language-features/dist/extension.js:1:69551)
	at dispatchMessage (/snap/code/67/usr/share/code/resources/app/extensions/typescript-language-features/dist/extension.js:1:68410)
	at /snap/code/67/usr/share/code/resources/app/extensions/typescript-language-features/dist/extension.js:1:67920
	at l.fire (/snap/code/67/usr/share/code/resources/app/out/vs/workbench/services/extensions/node/extensionHostProcess.js:57:1835)
	at g.onLengthData (/snap/code/67/usr/share/code/resources/app/extensions/typescript-language-features/dist/extension.js:1:434282)
	at Socket.<anonymous> (/snap/code/67/usr/share/code/resources/app/extensions/typescript-language-features/dist/extension.js:1:433930)
	at Socket.emit (events.js:315:20)
	at addChunk (internal/streams/readable.js:309:12)
	at readableAddChunk (internal/streams/readable.js:284:9)
	at Socket.Readable.push (internal/streams/readable.js:223:10)
	at Pipe.onStreamRead (internal/stream_base_commons.js:188:23)
[2021-07-03 22:16:43.306] [exthost] [error] [vscode.typescript-language-features] provider FAILED
[2021-07-03 22:16:43.314] [exthost] [error] Error: <syntax> TypeScript Server Error (4.3.2)
Debug Failure. False expression: Expected line to be non-zero
Error: Debug Failure. False expression: Expected line to be non-zero
    at failIfInvalidLocation (/snap/code/67/usr/share/code/resources/app/extensions/node_modules/typescript/lib/tsserver.js:157261:22)
    at ScriptInfo.positionToLineOffset (/snap/code/67/usr/share/code/resources/app/extensions/node_modules/typescript/lib/tsserver.js:157228:17)
    at toProtocolTextSpan (/snap/code/67/usr/share/code/resources/app/extensions/node_modules/typescript/lib/tsserver.js:165293:35)
    at /snap/code/67/usr/share/code/resources/app/extensions/node_modules/typescript/lib/tsserver.js:164734:68
    at Array.map (<anonymous>)
    at IOSession.Session.toLocationNavigationTree (/snap/code/67/usr/share/code/resources/app/extensions/node_modules/typescript/lib/tsserver.js:164734:39)
    at IOSession.Session.getNavigationTree (/snap/code/67/usr/share/code/resources/app/extensions/node_modules/typescript/lib/tsserver.js:164745:32)
    at Session.handlers.ts.Map.ts.getEntries._a.<computed> (/snap/code/67/usr/share/code/resources/app/extensions/node_modules/typescript/lib/tsserver.js:163515:61)
    at /snap/code/67/usr/share/code/resources/app/extensions/node_modules/typescript/lib/tsserver.js:165205:88
    at IOSession.Session.executeWithRequestId (/snap/code/67/usr/share/code/resources/app/extensions/node_modules/typescript/lib/tsserver.js:165196:28)
    at IOSession.Session.executeCommand (/snap/code/67/usr/share/code/resources/app/extensions/node_modules/typescript/lib/tsserver.js:165205:33)
    at IOSession.Session.onMessage (/snap/code/67/usr/share/code/resources/app/extensions/node_modules/typescript/lib/tsserver.js:165231:35)
    at Interface.<anonymous> (/snap/code/67/usr/share/code/resources/app/extensions/node_modules/typescript/lib/tsserver.js:167833:31)
    at Interface.emit (events.js:315:20)
    at Interface._onLine (readline.js:337:10)
    at Interface._normalWrite (readline.js:482:12)
    at Socket.ondata (readline.js:194:10)
    at Socket.emit (events.js:315:20)
    at addChunk (internal/streams/readable.js:309:12)
    at readableAddChunk (internal/streams/readable.js:284:9)
    at Socket.Readable.push (internal/streams/readable.js:223:10)
    at Pipe.onStreamRead (internal/stream_base_commons.js:188:23)
	at Function.create (/snap/code/67/usr/share/code/resources/app/extensions/typescript-language-features/dist/extension.js:1:75687)
	at dispatchResponse (/snap/code/67/usr/share/code/resources/app/extensions/typescript-language-features/dist/extension.js:1:69551)
	at dispatchMessage (/snap/code/67/usr/share/code/resources/app/extensions/typescript-language-features/dist/extension.js:1:68410)
	at /snap/code/67/usr/share/code/resources/app/extensions/typescript-language-features/dist/extension.js:1:67920
	at l.fire (/snap/code/67/usr/share/code/resources/app/out/vs/workbench/services/extensions/node/extensionHostProcess.js:57:1835)
	at g.onLengthData (/snap/code/67/usr/share/code/resources/app/extensions/typescript-language-features/dist/extension.js:1:434282)
	at Socket.<anonymous> (/snap/code/67/usr/share/code/resources/app/extensions/typescript-language-features/dist/extension.js:1:433930)
	at Socket.emit (events.js:315:20)
	at addChunk (internal/streams/readable.js:309:12)
	at readableAddChunk (internal/streams/readable.js:284:9)
	at Socket.Readable.push (internal/streams/readable.js:223:10)
	at Pipe.onStreamRead (internal/stream_base_commons.js:188:23)
[2021-07-03 22:19:16.967] [exthost] [warning] [Decorations] CAPPING events from decorations provider vscode.git 366
[2021-07-03 22:19:57.510] [exthost] [warning] [Decorations] CAPPING events from decorations provider vscode.git 366
[2021-07-03 22:20:33.490] [exthost] [warning] [Decorations] CAPPING events from decorations provider vscode.git 365
[2021-07-03 22:24:19.720] [exthost] [warning] [Decorations] CAPPING events from decorations provider vscode.git 365
[2021-07-03 22:28:14.412] [exthost] [error] [vscode.typescript-language-features] provider FAILED
[2021-07-03 22:28:14.412] [exthost] [error] Error: <semantic> TypeScript Server Error (4.3.2)
BADCLIENT: Bad error code, 7027 not found in range 263..279 (found: false, 17008, false, 2657, false); could have caused this error:
Debug Failure. Token and statement should start at the same point. {"statementKind":"ReturnStatement","tokenKind":"LessThanToken","errorCode":7027,"start":263,"length":16}
Error: BADCLIENT: Bad error code, 7027 not found in range 263..279 (found: false, 17008, false, 2657, false); could have caused this error:
Debug Failure. Token and statement should start at the same point. {"statementKind":"ReturnStatement","tokenKind":"LessThanToken","errorCode":7027,"start":263,"length":16}
    at doChange (/snap/code/67/usr/share/code/resources/app/extensions/node_modules/typescript/lib/tsserver.js:144510:26)
    at /snap/code/67/usr/share/code/resources/app/extensions/node_modules/typescript/lib/tsserver.js:144493:96
    at Function.ChangeTracker.with (/snap/code/67/usr/share/code/resources/app/extensions/node_modules/typescript/lib/tsserver.js:138262:17)
    at Object.getCodeActions (/snap/code/67/usr/share/code/resources/app/extensions/node_modules/typescript/lib/tsserver.js:144493:64)
    at /snap/code/67/usr/share/code/resources/app/extensions/node_modules/typescript/lib/tsserver.js:139447:77
    at Object.flatMap (/snap/code/67/usr/share/code/resources/app/extensions/node_modules/typescript/lib/tsserver.js:515:25)
    at Object.getFixes (/snap/code/67/usr/share/code/resources/app/extensions/node_modules/typescript/lib/tsserver.js:139447:23)
    at /snap/code/67/usr/share/code/resources/app/extensions/node_modules/typescript/lib/tsserver.js:153674:35
    at Object.flatMap (/snap/code/67/usr/share/code/resources/app/extensions/node_modules/typescript/lib/tsserver.js:515:25)
    at Proxy.getCodeFixesAtPosition (/snap/code/67/usr/share/code/resources/app/extensions/node_modules/typescript/lib/tsserver.js:153672:23)
    at IOSession.Session.getCodeFixes (/snap/code/67/usr/share/code/resources/app/extensions/node_modules/typescript/lib/tsserver.js:164892:64)
    at Session.handlers.ts.Map.ts.getEntries._a.<computed> (/snap/code/67/usr/share/code/resources/app/extensions/node_modules/typescript/lib/tsserver.js:163544:61)
    at /snap/code/67/usr/share/code/resources/app/extensions/node_modules/typescript/lib/tsserver.js:165205:88
    at IOSession.Session.executeWithRequestId (/snap/code/67/usr/share/code/resources/app/extensions/node_modules/typescript/lib/tsserver.js:165196:28)
    at IOSession.Session.executeCommand (/snap/code/67/usr/share/code/resources/app/extensions/node_modules/typescript/lib/tsserver.js:165205:33)
    at IOSession.Session.onMessage (/snap/code/67/usr/share/code/resources/app/extensions/node_modules/typescript/lib/tsserver.js:165231:35)
    at Interface.<anonymous> (/snap/code/67/usr/share/code/resources/app/extensions/node_modules/typescript/lib/tsserver.js:167833:31)
    at Interface.emit (events.js:315:20)
    at Interface._onLine (readline.js:337:10)
    at Interface._normalWrite (readline.js:482:12)
    at Socket.ondata (readline.js:194:10)
    at Socket.emit (events.js:315:20)
    at addChunk (internal/streams/readable.js:309:12)
    at readableAddChunk (internal/streams/readable.js:284:9)
    at Socket.Readable.push (internal/streams/readable.js:223:10)
    at Pipe.onStreamRead (internal/stream_base_commons.js:188:23)
	at Function.create (/snap/code/67/usr/share/code/resources/app/extensions/typescript-language-features/dist/extension.js:1:75687)
	at dispatchResponse (/snap/code/67/usr/share/code/resources/app/extensions/typescript-language-features/dist/extension.js:1:69551)
	at dispatchMessage (/snap/code/67/usr/share/code/resources/app/extensions/typescript-language-features/dist/extension.js:1:68410)
	at /snap/code/67/usr/share/code/resources/app/extensions/typescript-language-features/dist/extension.js:1:67920
	at l.fire (/snap/code/67/usr/share/code/resources/app/out/vs/workbench/services/extensions/node/extensionHostProcess.js:57:1835)
	at g.onLengthData (/snap/code/67/usr/share/code/resources/app/extensions/typescript-language-features/dist/extension.js:1:434282)
	at Socket.<anonymous> (/snap/code/67/usr/share/code/resources/app/extensions/typescript-language-features/dist/extension.js:1:433930)
	at Socket.emit (events.js:315:20)
	at addChunk (internal/streams/readable.js:309:12)
	at readableAddChunk (internal/streams/readable.js:284:9)
	at Socket.Readable.push (internal/streams/readable.js:223:10)
	at Pipe.onStreamRead (internal/stream_base_commons.js:188:23)
[2021-07-03 22:28:42.036] [exthost] [warning] [Decorations] CAPPING events from decorations provider vscode.git 366
[2021-07-03 22:28:47.251] [exthost] [warning] [Decorations] CAPPING events from decorations provider vscode.git 366
[2021-07-03 22:31:15.932] [exthost] [warning] [Decorations] CAPPING events from decorations provider vscode.git 366
[2021-07-03 22:31:21.131] [exthost] [warning] [Decorations] CAPPING events from decorations provider vscode.git 366
[2021-07-03 22:31:48.800] [exthost] [warning] [Decorations] CAPPING events from decorations provider vscode.git 365
[2021-07-03 22:31:58.386] [exthost] [warning] [Decorations] CAPPING events from decorations provider vscode.git 365
[2021-07-03 22:35:07.403] [exthost] [warning] [Decorations] CAPPING events from decorations provider vscode.git 365
[2021-07-03 22:37:44.244] [exthost] [warning] [Decorations] CAPPING events from decorations provider vscode.git 365
[2021-07-03 22:37:59.757] [exthost] [warning] [Decorations] CAPPING events from decorations provider vscode.git 365
[2021-07-03 23:04:51.658] [exthost] [info] extension host terminating: renderer closed the socket
[2021-07-03 23:04:52.801] [exthost] [info] exiting with code 0
