[2021-07-03 22:00:38.443] [renderer1] [error] Failed to execute git
[2021-07-03 22:00:39.723] [renderer1] [error] Failed to execute git
[2021-07-03 22:00:41.278] [renderer1] [error] Failed to execute git
[2021-07-03 22:00:42.858] [renderer1] [error] Failed to execute git
[2021-07-03 22:07:26.575] [renderer1] [error] <syntax> TypeScript Server Error (4.3.2)
Debug Failure. False expression: Expected line to be non-zero
Error: Debug Failure. False expression: Expected line to be non-zero
    at failIfInvalidLocation (/snap/code/67/usr/share/code/resources/app/extensions/node_modules/typescript/lib/tsserver.js:157261:22)
    at ScriptInfo.positionToLineOffset (/snap/code/67/usr/share/code/resources/app/extensions/node_modules/typescript/lib/tsserver.js:157228:17)
    at toProtocolTextSpan (/snap/code/67/usr/share/code/resources/app/extensions/node_modules/typescript/lib/tsserver.js:165293:35)
    at /snap/code/67/usr/share/code/resources/app/extensions/node_modules/typescript/lib/tsserver.js:164734:68
    at Array.map (<anonymous>)
    at IOSession.Session.toLocationNavigationTree (/snap/code/67/usr/share/code/resources/app/extensions/node_modules/typescript/lib/tsserver.js:164734:39)
    at IOSession.Session.getNavigationTree (/snap/code/67/usr/share/code/resources/app/extensions/node_modules/typescript/lib/tsserver.js:164745:32)
    at Session.handlers.ts.Map.ts.getEntries._a.<computed> (/snap/code/67/usr/share/code/resources/app/extensions/node_modules/typescript/lib/tsserver.js:163515:61)
    at /snap/code/67/usr/share/code/resources/app/extensions/node_modules/typescript/lib/tsserver.js:165205:88
    at IOSession.Session.executeWithRequestId (/snap/code/67/usr/share/code/resources/app/extensions/node_modules/typescript/lib/tsserver.js:165196:28)
    at IOSession.Session.executeCommand (/snap/code/67/usr/share/code/resources/app/extensions/node_modules/typescript/lib/tsserver.js:165205:33)
    at IOSession.Session.onMessage (/snap/code/67/usr/share/code/resources/app/extensions/node_modules/typescript/lib/tsserver.js:165231:35)
    at Interface.<anonymous> (/snap/code/67/usr/share/code/resources/app/extensions/node_modules/typescript/lib/tsserver.js:167833:31)
    at Interface.emit (events.js:315:20)
    at Interface._onLine (readline.js:337:10)
    at Interface._normalWrite (readline.js:482:12)
    at Socket.ondata (readline.js:194:10)
    at Socket.emit (events.js:315:20)
    at addChunk (internal/streams/readable.js:309:12)
    at readableAddChunk (internal/streams/readable.js:284:9)
    at Socket.Readable.push (internal/streams/readable.js:223:10)
    at Pipe.onStreamRead (internal/stream_base_commons.js:188:23): Error: <syntax> TypeScript Server Error (4.3.2)
Debug Failure. False expression: Expected line to be non-zero
Error: Debug Failure. False expression: Expected line to be non-zero
    at failIfInvalidLocation (/snap/code/67/usr/share/code/resources/app/extensions/node_modules/typescript/lib/tsserver.js:157261:22)
    at ScriptInfo.positionToLineOffset (/snap/code/67/usr/share/code/resources/app/extensions/node_modules/typescript/lib/tsserver.js:157228:17)
    at toProtocolTextSpan (/snap/code/67/usr/share/code/resources/app/extensions/node_modules/typescript/lib/tsserver.js:165293:35)
    at /snap/code/67/usr/share/code/resources/app/extensions/node_modules/typescript/lib/tsserver.js:164734:68
    at Array.map (<anonymous>)
    at IOSession.Session.toLocationNavigationTree (/snap/code/67/usr/share/code/resources/app/extensions/node_modules/typescript/lib/tsserver.js:164734:39)
    at IOSession.Session.getNavigationTree (/snap/code/67/usr/share/code/resources/app/extensions/node_modules/typescript/lib/tsserver.js:164745:32)
    at Session.handlers.ts.Map.ts.getEntries._a.<computed> (/snap/code/67/usr/share/code/resources/app/extensions/node_modules/typescript/lib/tsserver.js:163515:61)
    at /snap/code/67/usr/share/code/resources/app/extensions/node_modules/typescript/lib/tsserver.js:165205:88
    at IOSession.Session.executeWithRequestId (/snap/code/67/usr/share/code/resources/app/extensions/node_modules/typescript/lib/tsserver.js:165196:28)
    at IOSession.Session.executeCommand (/snap/code/67/usr/share/code/resources/app/extensions/node_modules/typescript/lib/tsserver.js:165205:33)
    at IOSession.Session.onMessage (/snap/code/67/usr/share/code/resources/app/extensions/node_modules/typescript/lib/tsserver.js:165231:35)
    at Interface.<anonymous> (/snap/code/67/usr/share/code/resources/app/extensions/node_modules/typescript/lib/tsserver.js:167833:31)
    at Interface.emit (events.js:315:20)
    at Interface._onLine (readline.js:337:10)
    at Interface._normalWrite (readline.js:482:12)
    at Socket.ondata (readline.js:194:10)
    at Socket.emit (events.js:315:20)
    at addChunk (internal/streams/readable.js:309:12)
    at readableAddChunk (internal/streams/readable.js:284:9)
    at Socket.Readable.push (internal/streams/readable.js:223:10)
    at Pipe.onStreamRead (internal/stream_base_commons.js:188:23)
	at Function.create (/snap/code/67/usr/share/code/resources/app/extensions/typescript-language-features/dist/extension.js:1:75687)
	at dispatchResponse (/snap/code/67/usr/share/code/resources/app/extensions/typescript-language-features/dist/extension.js:1:69551)
	at dispatchMessage (/snap/code/67/usr/share/code/resources/app/extensions/typescript-language-features/dist/extension.js:1:68410)
	at /snap/code/67/usr/share/code/resources/app/extensions/typescript-language-features/dist/extension.js:1:67920
	at l.fire (/snap/code/67/usr/share/code/resources/app/out/vs/workbench/services/extensions/node/extensionHostProcess.js:57:1835)
	at g.onLengthData (/snap/code/67/usr/share/code/resources/app/extensions/typescript-language-features/dist/extension.js:1:434282)
	at Socket.<anonymous> (/snap/code/67/usr/share/code/resources/app/extensions/typescript-language-features/dist/extension.js:1:433930)
	at Socket.emit (events.js:315:20)
	at addChunk (internal/streams/readable.js:309:12)
	at readableAddChunk (internal/streams/readable.js:284:9)
	at Socket.Readable.push (internal/streams/readable.js:223:10)
	at Pipe.onStreamRead (internal/stream_base_commons.js:188:23)
[2021-07-03 22:12:24.628] [renderer1] [error] Failed to execute git
[2021-07-03 22:15:50.449] [renderer1] [error] <syntax> TypeScript Server Error (4.3.2)
Debug Failure. False expression: Expected line to be non-zero
Error: Debug Failure. False expression: Expected line to be non-zero
    at failIfInvalidLocation (/snap/code/67/usr/share/code/resources/app/extensions/node_modules/typescript/lib/tsserver.js:157261:22)
    at ScriptInfo.positionToLineOffset (/snap/code/67/usr/share/code/resources/app/extensions/node_modules/typescript/lib/tsserver.js:157228:17)
    at toProtocolTextSpan (/snap/code/67/usr/share/code/resources/app/extensions/node_modules/typescript/lib/tsserver.js:165293:35)
    at /snap/code/67/usr/share/code/resources/app/extensions/node_modules/typescript/lib/tsserver.js:164734:68
    at Array.map (<anonymous>)
    at IOSession.Session.toLocationNavigationTree (/snap/code/67/usr/share/code/resources/app/extensions/node_modules/typescript/lib/tsserver.js:164734:39)
    at IOSession.Session.getNavigationTree (/snap/code/67/usr/share/code/resources/app/extensions/node_modules/typescript/lib/tsserver.js:164745:32)
    at Session.handlers.ts.Map.ts.getEntries._a.<computed> (/snap/code/67/usr/share/code/resources/app/extensions/node_modules/typescript/lib/tsserver.js:163515:61)
    at /snap/code/67/usr/share/code/resources/app/extensions/node_modules/typescript/lib/tsserver.js:165205:88
    at IOSession.Session.executeWithRequestId (/snap/code/67/usr/share/code/resources/app/extensions/node_modules/typescript/lib/tsserver.js:165196:28)
    at IOSession.Session.executeCommand (/snap/code/67/usr/share/code/resources/app/extensions/node_modules/typescript/lib/tsserver.js:165205:33)
    at IOSession.Session.onMessage (/snap/code/67/usr/share/code/resources/app/extensions/node_modules/typescript/lib/tsserver.js:165231:35)
    at Interface.<anonymous> (/snap/code/67/usr/share/code/resources/app/extensions/node_modules/typescript/lib/tsserver.js:167833:31)
    at Interface.emit (events.js:315:20)
    at Interface._onLine (readline.js:337:10)
    at Interface._normalWrite (readline.js:482:12)
    at Socket.ondata (readline.js:194:10)
    at Socket.emit (events.js:315:20)
    at addChunk (internal/streams/readable.js:309:12)
    at readableAddChunk (internal/streams/readable.js:284:9)
    at Socket.Readable.push (internal/streams/readable.js:223:10)
    at Pipe.onStreamRead (internal/stream_base_commons.js:188:23): Error: <syntax> TypeScript Server Error (4.3.2)
Debug Failure. False expression: Expected line to be non-zero
Error: Debug Failure. False expression: Expected line to be non-zero
    at failIfInvalidLocation (/snap/code/67/usr/share/code/resources/app/extensions/node_modules/typescript/lib/tsserver.js:157261:22)
    at ScriptInfo.positionToLineOffset (/snap/code/67/usr/share/code/resources/app/extensions/node_modules/typescript/lib/tsserver.js:157228:17)
    at toProtocolTextSpan (/snap/code/67/usr/share/code/resources/app/extensions/node_modules/typescript/lib/tsserver.js:165293:35)
    at /snap/code/67/usr/share/code/resources/app/extensions/node_modules/typescript/lib/tsserver.js:164734:68
    at Array.map (<anonymous>)
    at IOSession.Session.toLocationNavigationTree (/snap/code/67/usr/share/code/resources/app/extensions/node_modules/typescript/lib/tsserver.js:164734:39)
    at IOSession.Session.getNavigationTree (/snap/code/67/usr/share/code/resources/app/extensions/node_modules/typescript/lib/tsserver.js:164745:32)
    at Session.handlers.ts.Map.ts.getEntries._a.<computed> (/snap/code/67/usr/share/code/resources/app/extensions/node_modules/typescript/lib/tsserver.js:163515:61)
    at /snap/code/67/usr/share/code/resources/app/extensions/node_modules/typescript/lib/tsserver.js:165205:88
    at IOSession.Session.executeWithRequestId (/snap/code/67/usr/share/code/resources/app/extensions/node_modules/typescript/lib/tsserver.js:165196:28)
    at IOSession.Session.executeCommand (/snap/code/67/usr/share/code/resources/app/extensions/node_modules/typescript/lib/tsserver.js:165205:33)
    at IOSession.Session.onMessage (/snap/code/67/usr/share/code/resources/app/extensions/node_modules/typescript/lib/tsserver.js:165231:35)
    at Interface.<anonymous> (/snap/code/67/usr/share/code/resources/app/extensions/node_modules/typescript/lib/tsserver.js:167833:31)
    at Interface.emit (events.js:315:20)
    at Interface._onLine (readline.js:337:10)
    at Interface._normalWrite (readline.js:482:12)
    at Socket.ondata (readline.js:194:10)
    at Socket.emit (events.js:315:20)
    at addChunk (internal/streams/readable.js:309:12)
    at readableAddChunk (internal/streams/readable.js:284:9)
    at Socket.Readable.push (internal/streams/readable.js:223:10)
    at Pipe.onStreamRead (internal/stream_base_commons.js:188:23)
	at Function.create (/snap/code/67/usr/share/code/resources/app/extensions/typescript-language-features/dist/extension.js:1:75687)
	at dispatchResponse (/snap/code/67/usr/share/code/resources/app/extensions/typescript-language-features/dist/extension.js:1:69551)
	at dispatchMessage (/snap/code/67/usr/share/code/resources/app/extensions/typescript-language-features/dist/extension.js:1:68410)
	at /snap/code/67/usr/share/code/resources/app/extensions/typescript-language-features/dist/extension.js:1:67920
	at l.fire (/snap/code/67/usr/share/code/resources/app/out/vs/workbench/services/extensions/node/extensionHostProcess.js:57:1835)
	at g.onLengthData (/snap/code/67/usr/share/code/resources/app/extensions/typescript-language-features/dist/extension.js:1:434282)
	at Socket.<anonymous> (/snap/code/67/usr/share/code/resources/app/extensions/typescript-language-features/dist/extension.js:1:433930)
	at Socket.emit (events.js:315:20)
	at addChunk (internal/streams/readable.js:309:12)
	at readableAddChunk (internal/streams/readable.js:284:9)
	at Socket.Readable.push (internal/streams/readable.js:223:10)
	at Pipe.onStreamRead (internal/stream_base_commons.js:188:23)
[2021-07-03 22:16:25.024] [renderer1] [error] <syntax> TypeScript Server Error (4.3.2)
Debug Failure. False expression: Expected line to be non-zero
Error: Debug Failure. False expression: Expected line to be non-zero
    at failIfInvalidLocation (/snap/code/67/usr/share/code/resources/app/extensions/node_modules/typescript/lib/tsserver.js:157261:22)
    at ScriptInfo.positionToLineOffset (/snap/code/67/usr/share/code/resources/app/extensions/node_modules/typescript/lib/tsserver.js:157228:17)
    at toProtocolTextSpan (/snap/code/67/usr/share/code/resources/app/extensions/node_modules/typescript/lib/tsserver.js:165293:35)
    at /snap/code/67/usr/share/code/resources/app/extensions/node_modules/typescript/lib/tsserver.js:164734:68
    at Array.map (<anonymous>)
    at IOSession.Session.toLocationNavigationTree (/snap/code/67/usr/share/code/resources/app/extensions/node_modules/typescript/lib/tsserver.js:164734:39)
    at IOSession.Session.getNavigationTree (/snap/code/67/usr/share/code/resources/app/extensions/node_modules/typescript/lib/tsserver.js:164745:32)
    at Session.handlers.ts.Map.ts.getEntries._a.<computed> (/snap/code/67/usr/share/code/resources/app/extensions/node_modules/typescript/lib/tsserver.js:163515:61)
    at /snap/code/67/usr/share/code/resources/app/extensions/node_modules/typescript/lib/tsserver.js:165205:88
    at IOSession.Session.executeWithRequestId (/snap/code/67/usr/share/code/resources/app/extensions/node_modules/typescript/lib/tsserver.js:165196:28)
    at IOSession.Session.executeCommand (/snap/code/67/usr/share/code/resources/app/extensions/node_modules/typescript/lib/tsserver.js:165205:33)
    at IOSession.Session.onMessage (/snap/code/67/usr/share/code/resources/app/extensions/node_modules/typescript/lib/tsserver.js:165231:35)
    at Interface.<anonymous> (/snap/code/67/usr/share/code/resources/app/extensions/node_modules/typescript/lib/tsserver.js:167833:31)
    at Interface.emit (events.js:315:20)
    at Interface._onLine (readline.js:337:10)
    at Interface._normalWrite (readline.js:482:12)
    at Socket.ondata (readline.js:194:10)
    at Socket.emit (events.js:315:20)
    at addChunk (internal/streams/readable.js:309:12)
    at readableAddChunk (internal/streams/readable.js:284:9)
    at Socket.Readable.push (internal/streams/readable.js:223:10)
    at Pipe.onStreamRead (internal/stream_base_commons.js:188:23): Error: <syntax> TypeScript Server Error (4.3.2)
Debug Failure. False expression: Expected line to be non-zero
Error: Debug Failure. False expression: Expected line to be non-zero
    at failIfInvalidLocation (/snap/code/67/usr/share/code/resources/app/extensions/node_modules/typescript/lib/tsserver.js:157261:22)
    at ScriptInfo.positionToLineOffset (/snap/code/67/usr/share/code/resources/app/extensions/node_modules/typescript/lib/tsserver.js:157228:17)
    at toProtocolTextSpan (/snap/code/67/usr/share/code/resources/app/extensions/node_modules/typescript/lib/tsserver.js:165293:35)
    at /snap/code/67/usr/share/code/resources/app/extensions/node_modules/typescript/lib/tsserver.js:164734:68
    at Array.map (<anonymous>)
    at IOSession.Session.toLocationNavigationTree (/snap/code/67/usr/share/code/resources/app/extensions/node_modules/typescript/lib/tsserver.js:164734:39)
    at IOSession.Session.getNavigationTree (/snap/code/67/usr/share/code/resources/app/extensions/node_modules/typescript/lib/tsserver.js:164745:32)
    at Session.handlers.ts.Map.ts.getEntries._a.<computed> (/snap/code/67/usr/share/code/resources/app/extensions/node_modules/typescript/lib/tsserver.js:163515:61)
    at /snap/code/67/usr/share/code/resources/app/extensions/node_modules/typescript/lib/tsserver.js:165205:88
    at IOSession.Session.executeWithRequestId (/snap/code/67/usr/share/code/resources/app/extensions/node_modules/typescript/lib/tsserver.js:165196:28)
    at IOSession.Session.executeCommand (/snap/code/67/usr/share/code/resources/app/extensions/node_modules/typescript/lib/tsserver.js:165205:33)
    at IOSession.Session.onMessage (/snap/code/67/usr/share/code/resources/app/extensions/node_modules/typescript/lib/tsserver.js:165231:35)
    at Interface.<anonymous> (/snap/code/67/usr/share/code/resources/app/extensions/node_modules/typescript/lib/tsserver.js:167833:31)
    at Interface.emit (events.js:315:20)
    at Interface._onLine (readline.js:337:10)
    at Interface._normalWrite (readline.js:482:12)
    at Socket.ondata (readline.js:194:10)
    at Socket.emit (events.js:315:20)
    at addChunk (internal/streams/readable.js:309:12)
    at readableAddChunk (internal/streams/readable.js:284:9)
    at Socket.Readable.push (internal/streams/readable.js:223:10)
    at Pipe.onStreamRead (internal/stream_base_commons.js:188:23)
	at Function.create (/snap/code/67/usr/share/code/resources/app/extensions/typescript-language-features/dist/extension.js:1:75687)
	at dispatchResponse (/snap/code/67/usr/share/code/resources/app/extensions/typescript-language-features/dist/extension.js:1:69551)
	at dispatchMessage (/snap/code/67/usr/share/code/resources/app/extensions/typescript-language-features/dist/extension.js:1:68410)
	at /snap/code/67/usr/share/code/resources/app/extensions/typescript-language-features/dist/extension.js:1:67920
	at l.fire (/snap/code/67/usr/share/code/resources/app/out/vs/workbench/services/extensions/node/extensionHostProcess.js:57:1835)
	at g.onLengthData (/snap/code/67/usr/share/code/resources/app/extensions/typescript-language-features/dist/extension.js:1:434282)
	at Socket.<anonymous> (/snap/code/67/usr/share/code/resources/app/extensions/typescript-language-features/dist/extension.js:1:433930)
	at Socket.emit (events.js:315:20)
	at addChunk (internal/streams/readable.js:309:12)
	at readableAddChunk (internal/streams/readable.js:284:9)
	at Socket.Readable.push (internal/streams/readable.js:223:10)
	at Pipe.onStreamRead (internal/stream_base_commons.js:188:23)
[2021-07-03 22:16:36.663] [renderer1] [error] <syntax> TypeScript Server Error (4.3.2)
Debug Failure. False expression: Expected line to be non-zero
Error: Debug Failure. False expression: Expected line to be non-zero
    at failIfInvalidLocation (/snap/code/67/usr/share/code/resources/app/extensions/node_modules/typescript/lib/tsserver.js:157261:22)
    at ScriptInfo.positionToLineOffset (/snap/code/67/usr/share/code/resources/app/extensions/node_modules/typescript/lib/tsserver.js:157228:17)
    at toProtocolTextSpan (/snap/code/67/usr/share/code/resources/app/extensions/node_modules/typescript/lib/tsserver.js:165293:35)
    at /snap/code/67/usr/share/code/resources/app/extensions/node_modules/typescript/lib/tsserver.js:164734:68
    at Array.map (<anonymous>)
    at IOSession.Session.toLocationNavigationTree (/snap/code/67/usr/share/code/resources/app/extensions/node_modules/typescript/lib/tsserver.js:164734:39)
    at IOSession.Session.getNavigationTree (/snap/code/67/usr/share/code/resources/app/extensions/node_modules/typescript/lib/tsserver.js:164745:32)
    at Session.handlers.ts.Map.ts.getEntries._a.<computed> (/snap/code/67/usr/share/code/resources/app/extensions/node_modules/typescript/lib/tsserver.js:163515:61)
    at /snap/code/67/usr/share/code/resources/app/extensions/node_modules/typescript/lib/tsserver.js:165205:88
    at IOSession.Session.executeWithRequestId (/snap/code/67/usr/share/code/resources/app/extensions/node_modules/typescript/lib/tsserver.js:165196:28)
    at IOSession.Session.executeCommand (/snap/code/67/usr/share/code/resources/app/extensions/node_modules/typescript/lib/tsserver.js:165205:33)
    at IOSession.Session.onMessage (/snap/code/67/usr/share/code/resources/app/extensions/node_modules/typescript/lib/tsserver.js:165231:35)
    at Interface.<anonymous> (/snap/code/67/usr/share/code/resources/app/extensions/node_modules/typescript/lib/tsserver.js:167833:31)
    at Interface.emit (events.js:315:20)
    at Interface._onLine (readline.js:337:10)
    at Interface._normalWrite (readline.js:482:12)
    at Socket.ondata (readline.js:194:10)
    at Socket.emit (events.js:315:20)
    at addChunk (internal/streams/readable.js:309:12)
    at readableAddChunk (internal/streams/readable.js:284:9)
    at Socket.Readable.push (internal/streams/readable.js:223:10)
    at Pipe.onStreamRead (internal/stream_base_commons.js:188:23): Error: <syntax> TypeScript Server Error (4.3.2)
Debug Failure. False expression: Expected line to be non-zero
Error: Debug Failure. False expression: Expected line to be non-zero
    at failIfInvalidLocation (/snap/code/67/usr/share/code/resources/app/extensions/node_modules/typescript/lib/tsserver.js:157261:22)
    at ScriptInfo.positionToLineOffset (/snap/code/67/usr/share/code/resources/app/extensions/node_modules/typescript/lib/tsserver.js:157228:17)
    at toProtocolTextSpan (/snap/code/67/usr/share/code/resources/app/extensions/node_modules/typescript/lib/tsserver.js:165293:35)
    at /snap/code/67/usr/share/code/resources/app/extensions/node_modules/typescript/lib/tsserver.js:164734:68
    at Array.map (<anonymous>)
    at IOSession.Session.toLocationNavigationTree (/snap/code/67/usr/share/code/resources/app/extensions/node_modules/typescript/lib/tsserver.js:164734:39)
    at IOSession.Session.getNavigationTree (/snap/code/67/usr/share/code/resources/app/extensions/node_modules/typescript/lib/tsserver.js:164745:32)
    at Session.handlers.ts.Map.ts.getEntries._a.<computed> (/snap/code/67/usr/share/code/resources/app/extensions/node_modules/typescript/lib/tsserver.js:163515:61)
    at /snap/code/67/usr/share/code/resources/app/extensions/node_modules/typescript/lib/tsserver.js:165205:88
    at IOSession.Session.executeWithRequestId (/snap/code/67/usr/share/code/resources/app/extensions/node_modules/typescript/lib/tsserver.js:165196:28)
    at IOSession.Session.executeCommand (/snap/code/67/usr/share/code/resources/app/extensions/node_modules/typescript/lib/tsserver.js:165205:33)
    at IOSession.Session.onMessage (/snap/code/67/usr/share/code/resources/app/extensions/node_modules/typescript/lib/tsserver.js:165231:35)
    at Interface.<anonymous> (/snap/code/67/usr/share/code/resources/app/extensions/node_modules/typescript/lib/tsserver.js:167833:31)
    at Interface.emit (events.js:315:20)
    at Interface._onLine (readline.js:337:10)
    at Interface._normalWrite (readline.js:482:12)
    at Socket.ondata (readline.js:194:10)
    at Socket.emit (events.js:315:20)
    at addChunk (internal/streams/readable.js:309:12)
    at readableAddChunk (internal/streams/readable.js:284:9)
    at Socket.Readable.push (internal/streams/readable.js:223:10)
    at Pipe.onStreamRead (internal/stream_base_commons.js:188:23)
	at Function.create (/snap/code/67/usr/share/code/resources/app/extensions/typescript-language-features/dist/extension.js:1:75687)
	at dispatchResponse (/snap/code/67/usr/share/code/resources/app/extensions/typescript-language-features/dist/extension.js:1:69551)
	at dispatchMessage (/snap/code/67/usr/share/code/resources/app/extensions/typescript-language-features/dist/extension.js:1:68410)
	at /snap/code/67/usr/share/code/resources/app/extensions/typescript-language-features/dist/extension.js:1:67920
	at l.fire (/snap/code/67/usr/share/code/resources/app/out/vs/workbench/services/extensions/node/extensionHostProcess.js:57:1835)
	at g.onLengthData (/snap/code/67/usr/share/code/resources/app/extensions/typescript-language-features/dist/extension.js:1:434282)
	at Socket.<anonymous> (/snap/code/67/usr/share/code/resources/app/extensions/typescript-language-features/dist/extension.js:1:433930)
	at Socket.emit (events.js:315:20)
	at addChunk (internal/streams/readable.js:309:12)
	at readableAddChunk (internal/streams/readable.js:284:9)
	at Socket.Readable.push (internal/streams/readable.js:223:10)
	at Pipe.onStreamRead (internal/stream_base_commons.js:188:23)
[2021-07-03 22:16:43.385] [renderer1] [error] <syntax> TypeScript Server Error (4.3.2)
Debug Failure. False expression: Expected line to be non-zero
Error: Debug Failure. False expression: Expected line to be non-zero
    at failIfInvalidLocation (/snap/code/67/usr/share/code/resources/app/extensions/node_modules/typescript/lib/tsserver.js:157261:22)
    at ScriptInfo.positionToLineOffset (/snap/code/67/usr/share/code/resources/app/extensions/node_modules/typescript/lib/tsserver.js:157228:17)
    at toProtocolTextSpan (/snap/code/67/usr/share/code/resources/app/extensions/node_modules/typescript/lib/tsserver.js:165293:35)
    at /snap/code/67/usr/share/code/resources/app/extensions/node_modules/typescript/lib/tsserver.js:164734:68
    at Array.map (<anonymous>)
    at IOSession.Session.toLocationNavigationTree (/snap/code/67/usr/share/code/resources/app/extensions/node_modules/typescript/lib/tsserver.js:164734:39)
    at IOSession.Session.getNavigationTree (/snap/code/67/usr/share/code/resources/app/extensions/node_modules/typescript/lib/tsserver.js:164745:32)
    at Session.handlers.ts.Map.ts.getEntries._a.<computed> (/snap/code/67/usr/share/code/resources/app/extensions/node_modules/typescript/lib/tsserver.js:163515:61)
    at /snap/code/67/usr/share/code/resources/app/extensions/node_modules/typescript/lib/tsserver.js:165205:88
    at IOSession.Session.executeWithRequestId (/snap/code/67/usr/share/code/resources/app/extensions/node_modules/typescript/lib/tsserver.js:165196:28)
    at IOSession.Session.executeCommand (/snap/code/67/usr/share/code/resources/app/extensions/node_modules/typescript/lib/tsserver.js:165205:33)
    at IOSession.Session.onMessage (/snap/code/67/usr/share/code/resources/app/extensions/node_modules/typescript/lib/tsserver.js:165231:35)
    at Interface.<anonymous> (/snap/code/67/usr/share/code/resources/app/extensions/node_modules/typescript/lib/tsserver.js:167833:31)
    at Interface.emit (events.js:315:20)
    at Interface._onLine (readline.js:337:10)
    at Interface._normalWrite (readline.js:482:12)
    at Socket.ondata (readline.js:194:10)
    at Socket.emit (events.js:315:20)
    at addChunk (internal/streams/readable.js:309:12)
    at readableAddChunk (internal/streams/readable.js:284:9)
    at Socket.Readable.push (internal/streams/readable.js:223:10)
    at Pipe.onStreamRead (internal/stream_base_commons.js:188:23): Error: <syntax> TypeScript Server Error (4.3.2)
Debug Failure. False expression: Expected line to be non-zero
Error: Debug Failure. False expression: Expected line to be non-zero
    at failIfInvalidLocation (/snap/code/67/usr/share/code/resources/app/extensions/node_modules/typescript/lib/tsserver.js:157261:22)
    at ScriptInfo.positionToLineOffset (/snap/code/67/usr/share/code/resources/app/extensions/node_modules/typescript/lib/tsserver.js:157228:17)
    at toProtocolTextSpan (/snap/code/67/usr/share/code/resources/app/extensions/node_modules/typescript/lib/tsserver.js:165293:35)
    at /snap/code/67/usr/share/code/resources/app/extensions/node_modules/typescript/lib/tsserver.js:164734:68
    at Array.map (<anonymous>)
    at IOSession.Session.toLocationNavigationTree (/snap/code/67/usr/share/code/resources/app/extensions/node_modules/typescript/lib/tsserver.js:164734:39)
    at IOSession.Session.getNavigationTree (/snap/code/67/usr/share/code/resources/app/extensions/node_modules/typescript/lib/tsserver.js:164745:32)
    at Session.handlers.ts.Map.ts.getEntries._a.<computed> (/snap/code/67/usr/share/code/resources/app/extensions/node_modules/typescript/lib/tsserver.js:163515:61)
    at /snap/code/67/usr/share/code/resources/app/extensions/node_modules/typescript/lib/tsserver.js:165205:88
    at IOSession.Session.executeWithRequestId (/snap/code/67/usr/share/code/resources/app/extensions/node_modules/typescript/lib/tsserver.js:165196:28)
    at IOSession.Session.executeCommand (/snap/code/67/usr/share/code/resources/app/extensions/node_modules/typescript/lib/tsserver.js:165205:33)
    at IOSession.Session.onMessage (/snap/code/67/usr/share/code/resources/app/extensions/node_modules/typescript/lib/tsserver.js:165231:35)
    at Interface.<anonymous> (/snap/code/67/usr/share/code/resources/app/extensions/node_modules/typescript/lib/tsserver.js:167833:31)
    at Interface.emit (events.js:315:20)
    at Interface._onLine (readline.js:337:10)
    at Interface._normalWrite (readline.js:482:12)
    at Socket.ondata (readline.js:194:10)
    at Socket.emit (events.js:315:20)
    at addChunk (internal/streams/readable.js:309:12)
    at readableAddChunk (internal/streams/readable.js:284:9)
    at Socket.Readable.push (internal/streams/readable.js:223:10)
    at Pipe.onStreamRead (internal/stream_base_commons.js:188:23)
	at Function.create (/snap/code/67/usr/share/code/resources/app/extensions/typescript-language-features/dist/extension.js:1:75687)
	at dispatchResponse (/snap/code/67/usr/share/code/resources/app/extensions/typescript-language-features/dist/extension.js:1:69551)
	at dispatchMessage (/snap/code/67/usr/share/code/resources/app/extensions/typescript-language-features/dist/extension.js:1:68410)
	at /snap/code/67/usr/share/code/resources/app/extensions/typescript-language-features/dist/extension.js:1:67920
	at l.fire (/snap/code/67/usr/share/code/resources/app/out/vs/workbench/services/extensions/node/extensionHostProcess.js:57:1835)
	at g.onLengthData (/snap/code/67/usr/share/code/resources/app/extensions/typescript-language-features/dist/extension.js:1:434282)
	at Socket.<anonymous> (/snap/code/67/usr/share/code/resources/app/extensions/typescript-language-features/dist/extension.js:1:433930)
	at Socket.emit (events.js:315:20)
	at addChunk (internal/streams/readable.js:309:12)
	at readableAddChunk (internal/streams/readable.js:284:9)
	at Socket.Readable.push (internal/streams/readable.js:223:10)
	at Pipe.onStreamRead (internal/stream_base_commons.js:188:23)
[2021-07-03 22:28:14.419] [renderer1] [error] <semantic> TypeScript Server Error (4.3.2)
BADCLIENT: Bad error code, 7027 not found in range 263..279 (found: false, 17008, false, 2657, false); could have caused this error:
Debug Failure. Token and statement should start at the same point. {"statementKind":"ReturnStatement","tokenKind":"LessThanToken","errorCode":7027,"start":263,"length":16}
Error: BADCLIENT: Bad error code, 7027 not found in range 263..279 (found: false, 17008, false, 2657, false); could have caused this error:
Debug Failure. Token and statement should start at the same point. {"statementKind":"ReturnStatement","tokenKind":"LessThanToken","errorCode":7027,"start":263,"length":16}
    at doChange (/snap/code/67/usr/share/code/resources/app/extensions/node_modules/typescript/lib/tsserver.js:144510:26)
    at /snap/code/67/usr/share/code/resources/app/extensions/node_modules/typescript/lib/tsserver.js:144493:96
    at Function.ChangeTracker.with (/snap/code/67/usr/share/code/resources/app/extensions/node_modules/typescript/lib/tsserver.js:138262:17)
    at Object.getCodeActions (/snap/code/67/usr/share/code/resources/app/extensions/node_modules/typescript/lib/tsserver.js:144493:64)
    at /snap/code/67/usr/share/code/resources/app/extensions/node_modules/typescript/lib/tsserver.js:139447:77
    at Object.flatMap (/snap/code/67/usr/share/code/resources/app/extensions/node_modules/typescript/lib/tsserver.js:515:25)
    at Object.getFixes (/snap/code/67/usr/share/code/resources/app/extensions/node_modules/typescript/lib/tsserver.js:139447:23)
    at /snap/code/67/usr/share/code/resources/app/extensions/node_modules/typescript/lib/tsserver.js:153674:35
    at Object.flatMap (/snap/code/67/usr/share/code/resources/app/extensions/node_modules/typescript/lib/tsserver.js:515:25)
    at Proxy.getCodeFixesAtPosition (/snap/code/67/usr/share/code/resources/app/extensions/node_modules/typescript/lib/tsserver.js:153672:23)
    at IOSession.Session.getCodeFixes (/snap/code/67/usr/share/code/resources/app/extensions/node_modules/typescript/lib/tsserver.js:164892:64)
    at Session.handlers.ts.Map.ts.getEntries._a.<computed> (/snap/code/67/usr/share/code/resources/app/extensions/node_modules/typescript/lib/tsserver.js:163544:61)
    at /snap/code/67/usr/share/code/resources/app/extensions/node_modules/typescript/lib/tsserver.js:165205:88
    at IOSession.Session.executeWithRequestId (/snap/code/67/usr/share/code/resources/app/extensions/node_modules/typescript/lib/tsserver.js:165196:28)
    at IOSession.Session.executeCommand (/snap/code/67/usr/share/code/resources/app/extensions/node_modules/typescript/lib/tsserver.js:165205:33)
    at IOSession.Session.onMessage (/snap/code/67/usr/share/code/resources/app/extensions/node_modules/typescript/lib/tsserver.js:165231:35)
    at Interface.<anonymous> (/snap/code/67/usr/share/code/resources/app/extensions/node_modules/typescript/lib/tsserver.js:167833:31)
    at Interface.emit (events.js:315:20)
    at Interface._onLine (readline.js:337:10)
    at Interface._normalWrite (readline.js:482:12)
    at Socket.ondata (readline.js:194:10)
    at Socket.emit (events.js:315:20)
    at addChunk (internal/streams/readable.js:309:12)
    at readableAddChunk (internal/streams/readable.js:284:9)
    at Socket.Readable.push (internal/streams/readable.js:223:10)
    at Pipe.onStreamRead (internal/stream_base_commons.js:188:23): Error: <semantic> TypeScript Server Error (4.3.2)
BADCLIENT: Bad error code, 7027 not found in range 263..279 (found: false, 17008, false, 2657, false); could have caused this error:
Debug Failure. Token and statement should start at the same point. {"statementKind":"ReturnStatement","tokenKind":"LessThanToken","errorCode":7027,"start":263,"length":16}
Error: BADCLIENT: Bad error code, 7027 not found in range 263..279 (found: false, 17008, false, 2657, false); could have caused this error:
Debug Failure. Token and statement should start at the same point. {"statementKind":"ReturnStatement","tokenKind":"LessThanToken","errorCode":7027,"start":263,"length":16}
    at doChange (/snap/code/67/usr/share/code/resources/app/extensions/node_modules/typescript/lib/tsserver.js:144510:26)
    at /snap/code/67/usr/share/code/resources/app/extensions/node_modules/typescript/lib/tsserver.js:144493:96
    at Function.ChangeTracker.with (/snap/code/67/usr/share/code/resources/app/extensions/node_modules/typescript/lib/tsserver.js:138262:17)
    at Object.getCodeActions (/snap/code/67/usr/share/code/resources/app/extensions/node_modules/typescript/lib/tsserver.js:144493:64)
    at /snap/code/67/usr/share/code/resources/app/extensions/node_modules/typescript/lib/tsserver.js:139447:77
    at Object.flatMap (/snap/code/67/usr/share/code/resources/app/extensions/node_modules/typescript/lib/tsserver.js:515:25)
    at Object.getFixes (/snap/code/67/usr/share/code/resources/app/extensions/node_modules/typescript/lib/tsserver.js:139447:23)
    at /snap/code/67/usr/share/code/resources/app/extensions/node_modules/typescript/lib/tsserver.js:153674:35
    at Object.flatMap (/snap/code/67/usr/share/code/resources/app/extensions/node_modules/typescript/lib/tsserver.js:515:25)
    at Proxy.getCodeFixesAtPosition (/snap/code/67/usr/share/code/resources/app/extensions/node_modules/typescript/lib/tsserver.js:153672:23)
    at IOSession.Session.getCodeFixes (/snap/code/67/usr/share/code/resources/app/extensions/node_modules/typescript/lib/tsserver.js:164892:64)
    at Session.handlers.ts.Map.ts.getEntries._a.<computed> (/snap/code/67/usr/share/code/resources/app/extensions/node_modules/typescript/lib/tsserver.js:163544:61)
    at /snap/code/67/usr/share/code/resources/app/extensions/node_modules/typescript/lib/tsserver.js:165205:88
    at IOSession.Session.executeWithRequestId (/snap/code/67/usr/share/code/resources/app/extensions/node_modules/typescript/lib/tsserver.js:165196:28)
    at IOSession.Session.executeCommand (/snap/code/67/usr/share/code/resources/app/extensions/node_modules/typescript/lib/tsserver.js:165205:33)
    at IOSession.Session.onMessage (/snap/code/67/usr/share/code/resources/app/extensions/node_modules/typescript/lib/tsserver.js:165231:35)
    at Interface.<anonymous> (/snap/code/67/usr/share/code/resources/app/extensions/node_modules/typescript/lib/tsserver.js:167833:31)
    at Interface.emit (events.js:315:20)
    at Interface._onLine (readline.js:337:10)
    at Interface._normalWrite (readline.js:482:12)
    at Socket.ondata (readline.js:194:10)
    at Socket.emit (events.js:315:20)
    at addChunk (internal/streams/readable.js:309:12)
    at readableAddChunk (internal/streams/readable.js:284:9)
    at Socket.Readable.push (internal/streams/readable.js:223:10)
    at Pipe.onStreamRead (internal/stream_base_commons.js:188:23)
	at Function.create (/snap/code/67/usr/share/code/resources/app/extensions/typescript-language-features/dist/extension.js:1:75687)
	at dispatchResponse (/snap/code/67/usr/share/code/resources/app/extensions/typescript-language-features/dist/extension.js:1:69551)
	at dispatchMessage (/snap/code/67/usr/share/code/resources/app/extensions/typescript-language-features/dist/extension.js:1:68410)
	at /snap/code/67/usr/share/code/resources/app/extensions/typescript-language-features/dist/extension.js:1:67920
	at l.fire (/snap/code/67/usr/share/code/resources/app/out/vs/workbench/services/extensions/node/extensionHostProcess.js:57:1835)
	at g.onLengthData (/snap/code/67/usr/share/code/resources/app/extensions/typescript-language-features/dist/extension.js:1:434282)
	at Socket.<anonymous> (/snap/code/67/usr/share/code/resources/app/extensions/typescript-language-features/dist/extension.js:1:433930)
	at Socket.emit (events.js:315:20)
	at addChunk (internal/streams/readable.js:309:12)
	at readableAddChunk (internal/streams/readable.js:284:9)
	at Socket.Readable.push (internal/streams/readable.js:223:10)
	at Pipe.onStreamRead (internal/stream_base_commons.js:188:23)
